рџ“‹ VerificaГ§ГЈo do projeto NexoGestГЈo - Sun Jul 27 12:47:26 -03 2025

рџ“‚ Estrutura de arquivos (nГ­vel 2):
.
в”њв”Ђв”Ђ README.md
в”њв”Ђв”Ђ backend
в”‚В В  в”њв”Ђв”Ђ composer.json
в”‚В В  в”њв”Ђв”Ђ db.php
в”‚В В  в”њв”Ђв”Ђ hello.php
в”‚В В  в”њв”Ђв”Ђ index.php
в”‚В В  в””в”Ђв”Ђ produtos
в”њв”Ђв”Ђ components
в”‚В В  в”њв”Ђв”Ђ LoginForm.tsx
в”‚В В  в””в”Ђв”Ђ RegisterForm.tsx
в”њв”Ђв”Ђ config
в”‚В В  в””в”Ђв”Ђ db.js
в”њв”Ђв”Ђ controllers
в”‚В В  в”њв”Ђв”Ђ auth.controller.js
в”‚В В  в”њв”Ђв”Ђ authController.js
в”‚В В  в”њв”Ђв”Ђ clienteController.js
в”‚В В  в”њв”Ђв”Ђ produtoController.js
в”‚В В  в”њв”Ђв”Ђ sangriaController.js
в”‚В В  в””в”Ђв”Ђ vendasController.js
в”њв”Ђв”Ђ eslint.config.cjs
в”њв”Ђв”Ђ estrutura.txt
в”њв”Ђв”Ђ index.js
в”њв”Ђв”Ђ middlewares
в”‚В В  в””в”Ђв”Ђ authMiddleware.js
в”њв”Ђв”Ђ models
в”‚В В  в”њв”Ђв”Ђ cliente.js
в”‚В В  в”њв”Ђв”Ђ produto.js
в”‚В В  в””в”Ђв”Ђ venda.js
в”њв”Ђв”Ђ node_modules
в”‚В В  в”њв”Ђв”Ђ @alloc
в”‚В В  в”њв”Ђв”Ђ @ampproject
в”‚В В  в”њв”Ђв”Ђ @babel
в”‚В В  в”њв”Ђв”Ђ @esbuild
в”‚В В  в”њв”Ђв”Ђ @eslint
в”‚В В  в”њв”Ђв”Ђ @eslint-community
в”‚В В  в”њв”Ђв”Ђ @humanfs
в”‚В В  в”њв”Ђв”Ђ @humanwhocodes
в”‚В В  в”њв”Ђв”Ђ @isaacs
в”‚В В  в”њв”Ђв”Ђ @jridgewell
в”‚В В  в”њв”Ђв”Ђ @nodelib
в”‚В В  в”њв”Ђв”Ђ @pkgjs
в”‚В В  в”њв”Ђв”Ђ @rolldown
в”‚В В  в”њв”Ђв”Ђ @rollup
в”‚В В  в”њв”Ђв”Ђ @supabase
в”‚В В  в”њв”Ђв”Ђ @types
в”‚В В  в”њв”Ђв”Ђ @typescript-eslint
в”‚В В  в”њв”Ђв”Ђ @vitejs
в”‚В В  в”њв”Ђв”Ђ accepts
в”‚В В  в”њв”Ђв”Ђ acorn
в”‚В В  в”њв”Ђв”Ђ acorn-jsx
в”‚В В  в”њв”Ђв”Ђ ajv
в”‚В В  в”њв”Ђв”Ђ ansi-regex
в”‚В В  в”њв”Ђв”Ђ any-promise
в”‚В В  в”њв”Ђв”Ђ anymatch
в”‚В В  в”њв”Ђв”Ђ arg
в”‚В В  в”њв”Ђв”Ђ argparse
в”‚В В  в”њв”Ђв”Ђ array-buffer-byte-length
в”‚В В  в”њв”Ђв”Ђ array-includes
в”‚В В  в”њв”Ђв”Ђ array.prototype.findlast
в”‚В В  в”њв”Ђв”Ђ array.prototype.flat
в”‚В В  в”њв”Ђв”Ђ array.prototype.flatmap
в”‚В В  в”њв”Ђв”Ђ array.prototype.tosorted
в”‚В В  в”њв”Ђв”Ђ arraybuffer.prototype.slice
в”‚В В  в”њв”Ђв”Ђ async-function
в”‚В В  в”њв”Ђв”Ђ autoprefixer
в”‚В В  в”њв”Ђв”Ђ available-typed-arrays
в”‚В В  в”њв”Ђв”Ђ balanced-match
в”‚В В  в”њв”Ђв”Ђ bcryptjs
в”‚В В  в”њв”Ђв”Ђ binary-extensions
в”‚В В  в”њв”Ђв”Ђ body-parser
в”‚В В  в”њв”Ђв”Ђ brace-expansion
в”‚В В  в”њв”Ђв”Ђ braces
в”‚В В  в”њв”Ђв”Ђ browserslist
в”‚В В  в”њв”Ђв”Ђ buffer-equal-constant-time
в”‚В В  в”њв”Ђв”Ђ bytes
в”‚В В  в”њв”Ђв”Ђ call-bind
в”‚В В  в”њв”Ђв”Ђ call-bind-apply-helpers
в”‚В В  в”њв”Ђв”Ђ call-bound
в”‚В В  в”њв”Ђв”Ђ callsites
в”‚В В  в”њв”Ђв”Ђ camelcase-css
в”‚В В  в”њв”Ђв”Ђ caniuse-lite
в”‚В В  в”њв”Ђв”Ђ chokidar
в”‚В В  в”њв”Ђв”Ђ commander
в”‚В В  в”њв”Ђв”Ђ concat-map
в”‚В В  в”њв”Ђв”Ђ content-disposition
в”‚В В  в”њв”Ђв”Ђ content-type
в”‚В В  в”њв”Ђв”Ђ convert-source-map
в”‚В В  в”њв”Ђв”Ђ cookie
в”‚В В  в”њв”Ђв”Ђ cookie-signature
в”‚В В  в”њв”Ђв”Ђ cross-spawn
в”‚В В  в”њв”Ђв”Ђ cssesc
в”‚В В  в”њв”Ђв”Ђ csstype
в”‚В В  в”њв”Ђв”Ђ data-view-buffer
в”‚В В  в”њв”Ђв”Ђ data-view-byte-length
в”‚В В  в”њв”Ђв”Ђ data-view-byte-offset
в”‚В В  в”њв”Ђв”Ђ debug
в”‚В В  в”њв”Ђв”Ђ deep-is
в”‚В В  в”њв”Ђв”Ђ define-data-property
в”‚В В  в”њв”Ђв”Ђ define-properties
в”‚В В  в”њв”Ђв”Ђ depd
в”‚В В  в”њв”Ђв”Ђ didyoumean
в”‚В В  в”њв”Ђв”Ђ dlv
в”‚В В  в”њв”Ђв”Ђ doctrine
в”‚В В  в”њв”Ђв”Ђ dotenv
в”‚В В  в”њв”Ђв”Ђ dunder-proto
в”‚В В  в”њв”Ђв”Ђ eastasianwidth
в”‚В В  в”њв”Ђв”Ђ ecdsa-sig-formatter
в”‚В В  в”њв”Ђв”Ђ ee-first
в”‚В В  в”њв”Ђв”Ђ electron-to-chromium
в”‚В В  в”њв”Ђв”Ђ emoji-regex
в”‚В В  в”њв”Ђв”Ђ encodeurl
в”‚В В  в”њв”Ђв”Ђ es-abstract
в”‚В В  в”њв”Ђв”Ђ es-define-property
в”‚В В  в”њв”Ђв”Ђ es-errors
в”‚В В  в”њв”Ђв”Ђ es-iterator-helpers
в”‚В В  в”њв”Ђв”Ђ es-object-atoms
в”‚В В  в”њв”Ђв”Ђ es-set-tostringtag
в”‚В В  в”њв”Ђв”Ђ es-shim-unscopables
в”‚В В  в”њв”Ђв”Ђ es-to-primitive
в”‚В В  в”њв”Ђв”Ђ esbuild
в”‚В В  в”њв”Ђв”Ђ escalade
в”‚В В  в”њв”Ђв”Ђ escape-html
в”‚В В  в”њв”Ђв”Ђ eslint
в”‚В В  в”њв”Ђв”Ђ eslint-plugin-react
в”‚В В  в”њв”Ђв”Ђ eslint-plugin-react-hooks
в”‚В В  в”њв”Ђв”Ђ eslint-plugin-react-refresh
в”‚В В  в”њв”Ђв”Ђ eslint-scope
в”‚В В  в”њв”Ђв”Ђ eslint-visitor-keys
в”‚В В  в”њв”Ђв”Ђ espree
в”‚В В  в”њв”Ђв”Ђ esquery
в”‚В В  в”њв”Ђв”Ђ esrecurse
в”‚В В  в”њв”Ђв”Ђ estraverse
в”‚В В  в”њв”Ђв”Ђ esutils
в”‚В В  в”њв”Ђв”Ђ etag
в”‚В В  в”њв”Ђв”Ђ express
в”‚В В  в”њв”Ђв”Ђ fast-deep-equal
в”‚В В  в”њв”Ђв”Ђ fast-glob
в”‚В В  в”њв”Ђв”Ђ fast-json-stable-stringify
в”‚В В  в”њв”Ђв”Ђ fast-levenshtein
в”‚В В  в”њв”Ђв”Ђ fastq
в”‚В В  в”њв”Ђв”Ђ file-entry-cache
в”‚В В  в”њв”Ђв”Ђ fill-range
в”‚В В  в”њв”Ђв”Ђ finalhandler
в”‚В В  в”њв”Ђв”Ђ find-up
в”‚В В  в”њв”Ђв”Ђ flat-cache
в”‚В В  в”њв”Ђв”Ђ flatted
в”‚В В  в”њв”Ђв”Ђ for-each
в”‚В В  в”њв”Ђв”Ђ foreground-child
в”‚В В  в”њв”Ђв”Ђ forwarded
в”‚В В  в”њв”Ђв”Ђ fraction.js
в”‚В В  в”њв”Ђв”Ђ fresh
в”‚В В  в”њв”Ђв”Ђ function-bind
в”‚В В  в”њв”Ђв”Ђ function.prototype.name
в”‚В В  в”њв”Ђв”Ђ functions-have-names
в”‚В В  в”њв”Ђв”Ђ gensync
в”‚В В  в”њв”Ђв”Ђ get-intrinsic
в”‚В В  в”њв”Ђв”Ђ get-proto
в”‚В В  в”њв”Ђв”Ђ get-symbol-description
в”‚В В  в”њв”Ђв”Ђ get-tsconfig
в”‚В В  в”њв”Ђв”Ђ glob
в”‚В В  в”њв”Ђв”Ђ glob-parent
в”‚В В  в”њв”Ђв”Ђ globals
в”‚В В  в”њв”Ђв”Ђ globalthis
в”‚В В  в”њв”Ђв”Ђ gopd
в”‚В В  в”њв”Ђв”Ђ graphemer
в”‚В В  в”њв”Ђв”Ђ has-bigints
в”‚В В  в”њв”Ђв”Ђ has-property-descriptors
в”‚В В  в”њв”Ђв”Ђ has-proto
в”‚В В  в”њв”Ђв”Ђ has-symbols
в”‚В В  в”њв”Ђв”Ђ has-tostringtag
в”‚В В  в”њв”Ђв”Ђ hasown
в”‚В В  в”њв”Ђв”Ђ http-errors
в”‚В В  в”њв”Ђв”Ђ husky
в”‚В В  в”њв”Ђв”Ђ iconv-lite
в”‚В В  в”њв”Ђв”Ђ ignore
в”‚В В  в”њв”Ђв”Ђ import-fresh
в”‚В В  в”њв”Ђв”Ђ imurmurhash
в”‚В В  в”њв”Ђв”Ђ inherits
в”‚В В  в”њв”Ђв”Ђ internal-slot
в”‚В В  в”њв”Ђв”Ђ ipaddr.js
в”‚В В  в”њв”Ђв”Ђ is-array-buffer
в”‚В В  в”њв”Ђв”Ђ is-async-function
в”‚В В  в”њв”Ђв”Ђ is-bigint
в”‚В В  в”њв”Ђв”Ђ is-binary-path
в”‚В В  в”њв”Ђв”Ђ is-boolean-object
в”‚В В  в”њв”Ђв”Ђ is-callable
в”‚В В  в”њв”Ђв”Ђ is-core-module
в”‚В В  в”њв”Ђв”Ђ is-data-view
в”‚В В  в”њв”Ђв”Ђ is-date-object
в”‚В В  в”њв”Ђв”Ђ is-extglob
в”‚В В  в”њв”Ђв”Ђ is-finalizationregistry
в”‚В В  в”њв”Ђв”Ђ is-fullwidth-code-point
в”‚В В  в”њв”Ђв”Ђ is-generator-function
в”‚В В  в”њв”Ђв”Ђ is-glob
в”‚В В  в”њв”Ђв”Ђ is-map
в”‚В В  в”њв”Ђв”Ђ is-negative-zero
в”‚В В  в”њв”Ђв”Ђ is-number
в”‚В В  в”њв”Ђв”Ђ is-number-object
в”‚В В  в”њв”Ђв”Ђ is-promise
в”‚В В  в”њв”Ђв”Ђ is-regex
в”‚В В  в”њв”Ђв”Ђ is-set
в”‚В В  в”њв”Ђв”Ђ is-shared-array-buffer
в”‚В В  в”њв”Ђв”Ђ is-string
в”‚В В  в”њв”Ђв”Ђ is-symbol
в”‚В В  в”њв”Ђв”Ђ is-typed-array
в”‚В В  в”њв”Ђв”Ђ is-weakmap
в”‚В В  в”њв”Ђв”Ђ is-weakref
в”‚В В  в”њв”Ђв”Ђ is-weakset
в”‚В В  в”њв”Ђв”Ђ isarray
в”‚В В  в”њв”Ђв”Ђ isexe
в”‚В В  в”њв”Ђв”Ђ isows
в”‚В В  в”њв”Ђв”Ђ iterator.prototype
в”‚В В  в”њв”Ђв”Ђ jackspeak
в”‚В В  в”њв”Ђв”Ђ jiti
в”‚В В  в”њв”Ђв”Ђ js-tokens
в”‚В В  в”њв”Ђв”Ђ js-yaml
в”‚В В  в”њв”Ђв”Ђ jsesc
в”‚В В  в”њв”Ђв”Ђ json-buffer
в”‚В В  в”њв”Ђв”Ђ json-schema-traverse
в”‚В В  в”њв”Ђв”Ђ json-stable-stringify-without-jsonify
в”‚В В  в”њв”Ђв”Ђ json5
в”‚В В  в”њв”Ђв”Ђ jsonwebtoken
в”‚В В  в”њв”Ђв”Ђ jsx-ast-utils
в”‚В В  в”њв”Ђв”Ђ jwa
в”‚В В  в”њв”Ђв”Ђ jws
в”‚В В  в”њв”Ђв”Ђ keyv
в”‚В В  в”њв”Ђв”Ђ levn
в”‚В В  в”њв”Ђв”Ђ lilconfig
в”‚В В  в”њв”Ђв”Ђ lines-and-columns
в”‚В В  в”њв”Ђв”Ђ locate-path
в”‚В В  в”њв”Ђв”Ђ lodash.includes
в”‚В В  в”њв”Ђв”Ђ lodash.isboolean
в”‚В В  в”њв”Ђв”Ђ lodash.isinteger
в”‚В В  в”њв”Ђв”Ђ lodash.isnumber
в”‚В В  в”њв”Ђв”Ђ lodash.isplainobject
в”‚В В  в”њв”Ђв”Ђ lodash.isstring
в”‚В В  в”њв”Ђв”Ђ lodash.merge
в”‚В В  в”њв”Ђв”Ђ lodash.once
в”‚В В  в”њв”Ђв”Ђ loose-envify
в”‚В В  в”њв”Ђв”Ђ lru-cache
в”‚В В  в”њв”Ђв”Ђ lucide-react
в”‚В В  в”њв”Ђв”Ђ math-intrinsics
в”‚В В  в”њв”Ђв”Ђ media-typer
в”‚В В  в”њв”Ђв”Ђ merge-descriptors
в”‚В В  в”њв”Ђв”Ђ merge2
в”‚В В  в”њв”Ђв”Ђ micromatch
в”‚В В  в”њв”Ђв”Ђ mime-db
в”‚В В  в”њв”Ђв”Ђ mime-types
в”‚В В  в”њв”Ђв”Ђ minimatch
в”‚В В  в”њв”Ђв”Ђ minipass
в”‚В В  в”њв”Ђв”Ђ ms
в”‚В В  в”њв”Ђв”Ђ mz
в”‚В В  в”њв”Ђв”Ђ nanoid
в”‚В В  в”њв”Ђв”Ђ natural-compare
в”‚В В  в”њв”Ђв”Ђ negotiator
в”‚В В  в”њв”Ђв”Ђ node-releases
в”‚В В  в”њв”Ђв”Ђ normalize-path
в”‚В В  в”њв”Ђв”Ђ normalize-range
в”‚В В  в”њв”Ђв”Ђ object-assign
в”‚В В  в”њв”Ђв”Ђ object-hash
в”‚В В  в”њв”Ђв”Ђ object-inspect
в”‚В В  в”њв”Ђв”Ђ object-keys
в”‚В В  в”њв”Ђв”Ђ object.assign
в”‚В В  в”њв”Ђв”Ђ object.entries
в”‚В В  в”њв”Ђв”Ђ object.fromentries
в”‚В В  в”њв”Ђв”Ђ object.values
в”‚В В  в”њв”Ђв”Ђ on-finished
в”‚В В  в”њв”Ђв”Ђ once
в”‚В В  в”њв”Ђв”Ђ optionator
в”‚В В  в”њв”Ђв”Ђ own-keys
в”‚В В  в”њв”Ђв”Ђ p-limit
в”‚В В  в”њв”Ђв”Ђ p-locate
в”‚В В  в”њв”Ђв”Ђ package-json-from-dist
в”‚В В  в”њв”Ђв”Ђ parent-module
в”‚В В  в”њв”Ђв”Ђ parseurl
в”‚В В  в”њв”Ђв”Ђ path-exists
в”‚В В  в”њв”Ђв”Ђ path-key
в”‚В В  в”њв”Ђв”Ђ path-parse
в”‚В В  в”њв”Ђв”Ђ path-scurry
в”‚В В  в”њв”Ђв”Ђ path-to-regexp
в”‚В В  в”њв”Ђв”Ђ picocolors
в”‚В В  в”њв”Ђв”Ђ picomatch
в”‚В В  в”њв”Ђв”Ђ pify
в”‚В В  в”њв”Ђв”Ђ pirates
в”‚В В  в”њв”Ђв”Ђ possible-typed-array-names
в”‚В В  в”њв”Ђв”Ђ postcss
в”‚В В  в”њв”Ђв”Ђ postcss-import
в”‚В В  в”њв”Ђв”Ђ postcss-js
в”‚В В  в”њв”Ђв”Ђ postcss-load-config
в”‚В В  в”њв”Ђв”Ђ postcss-nested
в”‚В В  в”њв”Ђв”Ђ postcss-selector-parser
в”‚В В  в”њв”Ђв”Ђ postcss-value-parser
в”‚В В  в”њв”Ђв”Ђ prelude-ls
в”‚В В  в”њв”Ђв”Ђ prettier
в”‚В В  в”њв”Ђв”Ђ prop-types
в”‚В В  в”њв”Ђв”Ђ proxy-addr
в”‚В В  в”њв”Ђв”Ђ punycode
в”‚В В  в”њв”Ђв”Ђ qs
в”‚В В  в”њв”Ђв”Ђ queue-microtask
в”‚В В  в”њв”Ђв”Ђ range-parser
в”‚В В  в”њв”Ђв”Ђ raw-body
в”‚В В  в”њв”Ђв”Ђ react
в”‚В В  в”њв”Ђв”Ђ react-dom
в”‚В В  в”њв”Ђв”Ђ react-is
в”‚В В  в”њв”Ђв”Ђ react-refresh
в”‚В В  в”њв”Ђв”Ђ react-router
в”‚В В  в”њв”Ђв”Ђ react-router-dom
в”‚В В  в”њв”Ђв”Ђ read-cache
в”‚В В  в”њв”Ђв”Ђ readdirp
в”‚В В  в”њв”Ђв”Ђ reflect.getprototypeof
в”‚В В  в”њв”Ђв”Ђ regexp.prototype.flags
в”‚В В  в”њв”Ђв”Ђ resolve
в”‚В В  в”њв”Ђв”Ђ resolve-from
в”‚В В  в”њв”Ђв”Ђ resolve-pkg-maps
в”‚В В  в”њв”Ђв”Ђ reusify
в”‚В В  в”њв”Ђв”Ђ rollup
в”‚В В  в”њв”Ђв”Ђ router
в”‚В В  в”њв”Ђв”Ђ run-parallel
в”‚В В  в”њв”Ђв”Ђ safe-array-concat
в”‚В В  в”њв”Ђв”Ђ safe-buffer
в”‚В В  в”њв”Ђв”Ђ safe-push-apply
в”‚В В  в”њв”Ђв”Ђ safe-regex-test
в”‚В В  в”њв”Ђв”Ђ safer-buffer
в”‚В В  в”њв”Ђв”Ђ scheduler
в”‚В В  в”њв”Ђв”Ђ semver
в”‚В В  в”њв”Ђв”Ђ send
в”‚В В  в”њв”Ђв”Ђ serve-static
в”‚В В  в”њв”Ђв”Ђ set-cookie-parser
в”‚В В  в”њв”Ђв”Ђ set-function-length
в”‚В В  в”њв”Ђв”Ђ set-function-name
в”‚В В  в”њв”Ђв”Ђ set-proto
в”‚В В  в”њв”Ђв”Ђ setprototypeof
в”‚В В  в”њв”Ђв”Ђ shebang-command
в”‚В В  в”њв”Ђв”Ђ shebang-regex
в”‚В В  в”њв”Ђв”Ђ side-channel
в”‚В В  в”њв”Ђв”Ђ side-channel-list
в”‚В В  в”њв”Ђв”Ђ side-channel-map
в”‚В В  в”њв”Ђв”Ђ side-channel-weakmap
в”‚В В  в”њв”Ђв”Ђ signal-exit
в”‚В В  в”њв”Ђв”Ђ source-map-js
в”‚В В  в”њв”Ђв”Ђ statuses
в”‚В В  в”њв”Ђв”Ђ stop-iteration-iterator
в”‚В В  в”њв”Ђв”Ђ string-width
в”‚В В  в”њв”Ђв”Ђ string-width-cjs
в”‚В В  в”њв”Ђв”Ђ string.prototype.matchall
в”‚В В  в”њв”Ђв”Ђ string.prototype.repeat
в”‚В В  в”њв”Ђв”Ђ string.prototype.trim
в”‚В В  в”њв”Ђв”Ђ string.prototype.trimend
в”‚В В  в”њв”Ђв”Ђ string.prototype.trimstart
в”‚В В  в”њв”Ђв”Ђ strip-ansi
в”‚В В  в”њв”Ђв”Ђ strip-ansi-cjs
в”‚В В  в”њв”Ђв”Ђ strip-json-comments
в”‚В В  в”њв”Ђв”Ђ sucrase
в”‚В В  в”њв”Ђв”Ђ supports-preserve-symlinks-flag
в”‚В В  в”њв”Ђв”Ђ tailwindcss
в”‚В В  в”њв”Ђв”Ђ thenify
в”‚В В  в”њв”Ђв”Ђ thenify-all
в”‚В В  в”њв”Ђв”Ђ tinyglobby
в”‚В В  в”њв”Ђв”Ђ to-regex-range
в”‚В В  в”њв”Ђв”Ђ toidentifier
в”‚В В  в”њв”Ђв”Ђ tr46
в”‚В В  в”њв”Ђв”Ђ ts-api-utils
в”‚В В  в”њв”Ђв”Ђ ts-interface-checker
в”‚В В  в”њв”Ђв”Ђ tsx
в”‚В В  в”њв”Ђв”Ђ type-check
в”‚В В  в”њв”Ђв”Ђ type-is
в”‚В В  в”њв”Ђв”Ђ typed-array-buffer
в”‚В В  в”њв”Ђв”Ђ typed-array-byte-length
в”‚В В  в”њв”Ђв”Ђ typed-array-byte-offset
в”‚В В  в”њв”Ђв”Ђ typed-array-length
в”‚В В  в”њв”Ђв”Ђ typescript
в”‚В В  в”њв”Ђв”Ђ typescript-eslint
в”‚В В  в”њв”Ђв”Ђ unbox-primitive
в”‚В В  в”њв”Ђв”Ђ undici-types
в”‚В В  в”њв”Ђв”Ђ unpipe
в”‚В В  в”њв”Ђв”Ђ update-browserslist-db
в”‚В В  в”њв”Ђв”Ђ uri-js
в”‚В В  в”њв”Ђв”Ђ util-deprecate
в”‚В В  в”њв”Ђв”Ђ vary
в”‚В В  в”њв”Ђв”Ђ vite
в”‚В В  в”њв”Ђв”Ђ webidl-conversions
в”‚В В  в”њв”Ђв”Ђ whatwg-url
в”‚В В  в”њв”Ђв”Ђ which
в”‚В В  в”њв”Ђв”Ђ which-boxed-primitive
в”‚В В  в”њв”Ђв”Ђ which-builtin-type
в”‚В В  в”њв”Ђв”Ђ which-collection
в”‚В В  в”њв”Ђв”Ђ which-typed-array
в”‚В В  в”њв”Ђв”Ђ word-wrap
в”‚В В  в”њв”Ђв”Ђ wrap-ansi
в”‚В В  в”њв”Ђв”Ђ wrap-ansi-cjs
в”‚В В  в”њв”Ђв”Ђ wrappy
в”‚В В  в”њв”Ђв”Ђ ws
в”‚В В  в”њв”Ђв”Ђ yallist
в”‚В В  в”њв”Ђв”Ђ yaml
в”‚В В  в””в”Ђв”Ђ yocto-queue
в”њв”Ђв”Ђ package-lock.json
в”њв”Ђв”Ђ package.json
в”њв”Ђв”Ђ pages
в”‚В В  в””в”Ђв”Ђ AuthPage.tsx
в”њв”Ђв”Ђ pdv_sample.js
в”њв”Ђв”Ђ public
в”‚В В  в””в”Ђв”Ђ index.html
в”њв”Ђв”Ђ routes
в”‚В В  в”њв”Ђв”Ђ auth
в”‚В В  в”њв”Ђв”Ђ auth.routes.js
в”‚В В  в”њв”Ђв”Ђ clientes.routes.js
в”‚В В  в”њв”Ђв”Ђ index.js
в”‚В В  в”њв”Ђв”Ђ produtos.routes.js
в”‚В В  в”њв”Ђв”Ђ sangria.routes.js
в”‚В В  в””в”Ђв”Ђ vendas.routes.js
в”њв”Ђв”Ђ scripts
в”‚В В  в”њв”Ђв”Ђ demo_pdv.cjs
в”‚В В  в””в”Ђв”Ђ verificar.sh
в”њв”Ђв”Ђ src
в”‚В В  в”њв”Ђв”Ђ App.jsx
в”‚В В  в”њв”Ђв”Ђ App.tsx
в”‚В В  в”њв”Ђв”Ђ components
в”‚В В  в”њв”Ђв”Ђ config
в”‚В В  в”њв”Ђв”Ђ contexts
в”‚В В  в”њв”Ђв”Ђ controllers
в”‚В В  в”њв”Ђв”Ђ data
в”‚В В  в”њв”Ђв”Ђ features
в”‚В В  в”њв”Ђв”Ђ hooks
в”‚В В  в”њв”Ђв”Ђ index.css
в”‚В В  в”њв”Ђв”Ђ index.js
в”‚В В  в”њв”Ђв”Ђ lib
в”‚В В  в”њв”Ђв”Ђ main.tsx
в”‚В В  в”њв”Ђв”Ђ models
в”‚В В  в”њв”Ђв”Ђ pages
в”‚В В  в”њв”Ђв”Ђ routes
в”‚В В  в”њв”Ђв”Ђ saas
в”‚В В  в”њв”Ђв”Ђ services
в”‚В В  в”њв”Ђв”Ђ tenants
в”‚В В  в”њв”Ђв”Ђ tests
в”‚В В  в”њв”Ђв”Ђ types
в”‚В В  в””в”Ђв”Ђ ui
в”њв”Ђв”Ђ status-nexogestao.log
в”њв”Ђв”Ђ supabase
в”‚В В  в””в”Ђв”Ђ config.toml
в”њв”Ђв”Ђ supabaseClient.js
в”њв”Ђв”Ђ tailwind.config.js
в”њв”Ђв”Ђ teste.js
в”њв”Ђв”Ђ tests
в”‚В В  в””в”Ђв”Ђ exemplo.test.js
в”њв”Ђв”Ђ tsconfig.json
в”њв”Ђв”Ђ verificacao-nexogestao.log
в”њв”Ђв”Ђ verificar.js
в””в”Ђв”Ђ vite.config.ts

400 directories, 49 files

рџ”Ћ Arquivos esperados:
вњ… package.json encontrado
вњ… tsconfig.json encontrado
вњ… vite.config.ts encontrado
вњ… public/index.html encontrado
вњ… src/pages/Produtos.tsx encontrado
вњ… backend/index.php encontrado
вњ… backend/db.php encontrado
вњ… backend/produtos/listar.php encontrado
вњ… .env encontrado

рџ“Ѓ Pastas esperadas:
вњ… src encontrada
вњ… src/pages encontrada
вњ… backend encontrada
вњ… backend/produtos encontrada
вњ… public encontrada
